#created: 2001-03-19
#modifed: 2007-01-16
A1=0141#latin capital letter L with stroke
A2=00D8#latin capital letter O with stroke
A3=0110#latin capital letter D with stroke
A4=00DE#latin capital letter thorn
A5=00C6#latin capital letter AE
A6=0152#latin capital ligature OE
A7=02B9#modified letter prime
A8=00B7#middle dot
A9=266D#music flat sign
AA=00AE#registered sign
AB=00B1#plus-minus sign
AC=01A0#latin capital letter O with horn
AD=01AF#latin capital letter U with horn
AE=02BC#modifier letter apostrophe
B0=02BB#modifier letter turned comma
B1=0142#latin small letter L with stroke
B2=00F8#latin small letter O with stroke
B3=0111#latin small letter D with stroke
B4=00FE#latin small letter thorn
B5=00E6#latin small letter AE
B6=0153#latin small ligature OE
B7=02BA#modified letter double prime
B8=0131#latin small letter dotless i
B9=00A3#pound sign
BA=00F0#latin small letter eth
BC=01A1#latin small letter O with horn
BD=01B0#latin small letter U with horn
C0=00B0#degree sign
C1=2113#script small L
C2=2117#sound recording copyright
C3=00A9#copyright sign
C4=266F#music sharp sign
C5=00BF#inverted question mark
C6=00A1#inverted exclamation mark
CF=00DF#latin small letter sharp S
E0=0309#combining hook above
E1=0300#combining grave accent
E2=0301#combining acute accent
E3=0302#combining circumflex accent
E4=0303#combining tilde
E5=0304#combining macron
E6=0306#combining breve
E7=0307#combining dot above
E8=0308#combining diaeresis
E9=030C#combining caron
EA=030A#combining ring above
EB=FE20#combining ligature left half
EC=FE21#combining ligature right half
ED=0315#combining comma above right
EE=030B#combining double acute accent
EF=0310#combining candrabindu
F0=0327#combining cedilla
F1=0328#combining ogonek
F2=0323#combining dot below
F3=0324#combining diaeresis below
F4=0325#combining ring below
F5=0333#combining double low line
F6=0332#combining low line
F7=0326#combining comma below
F8=031C#combining left half ring below
F9=032E#combining breve below
FA=FE22#combining double tilde left half
FB=FE23#combining double tilde right half
FE=0313#combining comma above